# JRE version: OpenJDK Runtime Environment (8.0_152-b01) (build 1.8.0_152-release-1024-b01)
# Java VM: OpenJDK 64-Bit Server VM (25.152-b01 mixed mode linux-amd64 compressed oops)
Heap:
 PSYoungGen      total 206848K, used 18915K [0x00000000e0000000, 0x00000000edc80000, 0x0000000100000000)
  eden space 187904K, 0% used [0x00000000e0000000,0x00000000e0000000,0x00000000eb780000)
  from space 18944K, 99% used [0x00000000eb780000,0x00000000ec9f8d88,0x00000000eca00000)
  to   space 15360K, 0% used [0x00000000ecc00000,0x00000000ecc00000,0x00000000edb00000)
 ParOldGen       total 81920K, used 36359K [0x00000000a0000000, 0x00000000a5000000, 0x00000000e0000000)
  object space 81920K, 44% used [0x00000000a0000000,0x00000000a2381c10,0x00000000a5000000)
 Metaspace       used 55867K, capacity 57650K, committed 57856K, reserved 1099776K
  class space    used 7688K, capacity 8186K, committed 8192K, reserved 1048576K
GC Heap History (10 events):
Event: 8,362 GC heap after
Heap after GC invocations=8 (full 1):
 PSYoungGen      total 134144K, used 9723K [0x00000000e0000000, 0x00000000ea100000, 0x0000000100000000)
  eden space 124416K, 0% used [0x00000000e0000000,0x00000000e0000000,0x00000000e7980000)
  from space 9728K, 99% used [0x00000000e7980000,0x00000000e82fece8,0x00000000e8300000)
  to   space 12800K, 0% used [0x00000000e9480000,0x00000000e9480000,0x00000000ea100000)
 ParOldGen       total 58880K, used 12152K [0x00000000a0000000, 0x00000000a3980000, 0x00000000e0000000)
  object space 58880K, 20% used [0x00000000a0000000,0x00000000a0bde098,0x00000000a3980000)
 Metaspace       used 33884K, capacity 34658K, committed 35072K, reserved 1079296K
  class space    used 4759K, capacity 5026K, committed 5120K, reserved 1048576K
}
Event: 8,437 GC heap before
{Heap before GC invocations=9 (full 1):
 PSYoungGen      total 134144K, used 16175K [0x00000000e0000000, 0x00000000ea100000, 0x0000000100000000)
  eden space 124416K, 5% used [0x00000000e0000000,0x00000000e064d058,0x00000000e7980000)
  from space 9728K, 99% used [0x00000000e7980000,0x00000000e82fece8,0x00000000e8300000)
  to   space 12800K, 0% used [0x00000000e9480000,0x00000000e9480000,0x00000000ea100000)
 ParOldGen       total 58880K, used 12152K [0x00000000a0000000, 0x00000000a3980000, 0x00000000e0000000)
  object space 58880K, 20% used [0x00000000a0000000,0x00000000a0bde098,0x00000000a3980000)
 Metaspace       used 34578K, capacity 35298K, committed 35416K, reserved 1079296K
  class space    used 4836K, capacity 5090K, committed 5120K, reserved 1048576K
Event: 8,446 GC heap after
Heap after GC invocations=9 (full 1):
 PSYoungGen      total 152064K, used 9131K [0x00000000e0000000, 0x00000000ee780000, 0x0000000100000000)
  eden space 139264K, 0% used [0x00000000e0000000,0x00000000e0000000,0x00000000e8800000)
  from space 12800K, 71% used [0x00000000e9480000,0x00000000e9d6ada0,0x00000000ea100000)
  to   space 12800K, 0% used [0x00000000e8800000,0x00000000e8800000,0x00000000e9480000)
 ParOldGen       total 58880K, used 12160K [0x00000000a0000000, 0x00000000a3980000, 0x00000000e0000000)
  object space 58880K, 20% used [0x00000000a0000000,0x00000000a0be0098,0x00000000a3980000)
 Metaspace       used 34578K, capacity 35298K, committed 35416K, reserved 1079296K
  class space    used 4836K, capacity 5090K, committed 5120K, reserved 1048576K
}
Event: 8,446 GC heap before
{Heap before GC invocations=10 (full 2):
 PSYoungGen      total 152064K, used 9131K [0x00000000e0000000, 0x00000000ee780000, 0x0000000100000000)
  eden space 139264K, 0% used [0x00000000e0000000,0x00000000e0000000,0x00000000e8800000)
  from space 12800K, 71% used [0x00000000e9480000,0x00000000e9d6ada0,0x00000000ea100000)
  to   space 12800K, 0% used [0x00000000e8800000,0x00000000e8800000,0x00000000e9480000)
 ParOldGen       total 58880K, used 12160K [0x00000000a0000000, 0x00000000a3980000, 0x00000000e0000000)
  object space 58880K, 20% used [0x00000000a0000000,0x00000000a0be0098,0x00000000a3980000)
 Metaspace       used 34578K, capacity 35298K, committed 35416K, reserved 1079296K
  class space    used 4836K, capacity 5090K, committed 5120K, reserved 1048576K
Event: 8,530 GC heap after
Heap after GC invocations=10 (full 2):
 PSYoungGen      total 152064K, used 0K [0x00000000e0000000, 0x00000000ee780000, 0x0000000100000000)
  eden space 139264K, 0% used [0x00000000e0000000,0x00000000e0000000,0x00000000e8800000)
  from space 12800K, 0% used [0x00000000e9480000,0x00000000e9480000,0x00000000ea100000)
  to   space 12800K, 0% used [0x00000000e8800000,0x00000000e8800000,0x00000000e9480000)
 ParOldGen       total 81920K, used 15554K [0x00000000a0000000, 0x00000000a5000000, 0x00000000e0000000)
  object space 81920K, 18% used [0x00000000a0000000,0x00000000a0f30af8,0x00000000a5000000)
 Metaspace       used 34578K, capacity 35298K, committed 35416K, reserved 1079296K
  class space    used 4836K, capacity 5090K, committed 5120K, reserved 1048576K
}
Event: 41,158 GC heap before
{Heap before GC invocations=11 (full 2):
 PSYoungGen      total 152064K, used 139264K [0x00000000e0000000, 0x00000000ee780000, 0x0000000100000000)
  eden space 139264K, 100% used [0x00000000e0000000,0x00000000e8800000,0x00000000e8800000)
  from space 12800K, 0% used [0x00000000e9480000,0x00000000e9480000,0x00000000ea100000)
  to   space 12800K, 0% used [0x00000000e8800000,0x00000000e8800000,0x00000000e9480000)
 ParOldGen       total 81920K, used 15554K [0x00000000a0000000, 0x00000000a5000000, 0x00000000e0000000)
  object space 81920K, 18% used [0x00000000a0000000,0x00000000a0f30af8,0x00000000a5000000)
 Metaspace       used 46200K, capacity 47290K, committed 47744K, reserved 1089536K
  class space    used 6359K, capacity 6663K, committed 6784K, reserved 1048576K
Event: 41,705 GC heap after
Heap after GC invocations=11 (full 2):
 PSYoungGen      total 152064K, used 12779K [0x00000000e0000000, 0x00000000edb00000, 0x0000000100000000)
  eden space 139264K, 0% used [0x00000000e0000000,0x00000000e0000000,0x00000000e8800000)
  from space 12800K, 99% used [0x00000000e8800000,0x00000000e947ae00,0x00000000e9480000)
  to   space 15360K, 0% used [0x00000000ecc00000,0x00000000ecc00000,0x00000000edb00000)
 ParOldGen       total 81920K, used 18108K [0x00000000a0000000, 0x00000000a5000000, 0x00000000e0000000)
  object space 81920K, 22% used [0x00000000a0000000,0x00000000a11af2f0,0x00000000a5000000)
 Metaspace       used 46200K, capacity 47290K, committed 47744K, reserved 1089536K
  class space    used 6359K, capacity 6663K, committed 6784K, reserved 1048576K
}
Event: 230,265 GC heap before
{Heap before GC invocations=12 (full 2):
 PSYoungGen      total 152064K, used 152043K [0x00000000e0000000, 0x00000000edb00000, 0x0000000100000000)
  eden space 139264K, 100% used [0x00000000e0000000,0x00000000e8800000,0x00000000e8800000)
  from space 12800K, 99% used [0x00000000e8800000,0x00000000e947ae00,0x00000000e9480000)
  to   space 15360K, 0% used [0x00000000ecc00000,0x00000000ecc00000,0x00000000edb00000)
 ParOldGen       total 81920K, used 18108K [0x00000000a0000000, 0x00000000a5000000, 0x00000000e0000000)
  object space 81920K, 22% used [0x00000000a0000000,0x00000000a11af2f0,0x00000000a5000000)
 Metaspace       used 52260K, capacity 53954K, committed 54016K, reserved 1095680K
  class space    used 7224K, capacity 7666K, committed 7680K, reserved 1048576K
Event: 230,305 GC heap after
Heap after GC invocations=12 (full 2):
 PSYoungGen      total 203264K, used 15337K [0x00000000e0000000, 0x00000000edc80000, 0x0000000100000000)
  eden space 187904K, 0% used [0x00000000e0000000,0x00000000e0000000,0x00000000eb780000)
  from space 15360K, 99% used [0x00000000ecc00000,0x00000000edafa5b8,0x00000000edb00000)
  to   space 18944K, 0% used [0x00000000eb780000,0x00000000eb780000,0x00000000eca00000)
 ParOldGen       total 81920K, used 22617K [0x00000000a0000000, 0x00000000a5000000, 0x00000000e0000000)
  object space 81920K, 27% used [0x00000000a0000000,0x00000000a16166b8,0x00000000a5000000)
 Metaspace       used 52260K, capacity 53954K, committed 54016K, reserved 1095680K
  class space    used 7224K, capacity 7666K, committed 7680K, reserved 1048576K
}
Event: 905,842 GC heap before
{Heap before GC invocations=13 (full 2):
 PSYoungGen      total 203264K, used 203241K [0x00000000e0000000, 0x00000000edc80000, 0x0000000100000000)
  eden space 187904K, 100% used [0x00000000e0000000,0x00000000eb780000,0x00000000eb780000)
  from space 15360K, 99% used [0x00000000ecc00000,0x00000000edafa5b8,0x00000000edb00000)
  to   space 18944K, 0% used [0x00000000eb780000,0x00000000eb780000,0x00000000eca00000)
 ParOldGen       total 81920K, used 22617K [0x00000000a0000000, 0x00000000a5000000, 0x00000000e0000000)
  object space 81920K, 27% used [0x00000000a0000000,0x00000000a16166b8,0x00000000a5000000)
 Metaspace       used 55867K, capacity 57650K, committed 57856K, reserved 1099776K
  class space    used 7688K, capacity 8186K, committed 8192K, reserved 1048576K

