# JRE version: OpenJDK Runtime Environment (8.0_152-b01) (build 1.8.0_152-release-1024-b01)
# Java VM: OpenJDK 64-Bit Server VM (25.152-b01 mixed mode linux-amd64 compressed oops)
Heap:
 PSYoungGen      total 227328K, used 1250K [0x00000000e0000000, 0x00000000eef80000, 0x0000000100000000)
  eden space 209408K, 0% used [0x00000000e0000000,0x00000000e0000000,0x00000000ecc80000)
  from space 17920K, 6% used [0x00000000ecc80000,0x00000000ecdb8a78,0x00000000ede00000)
  to   space 12800K, 0% used [0x00000000ee300000,0x00000000ee300000,0x00000000eef80000)
 ParOldGen       total 81920K, used 52216K [0x00000000a0000000, 0x00000000a5000000, 0x00000000e0000000)
  object space 81920K, 63% used [0x00000000a0000000,0x00000000a32fe0b0,0x00000000a5000000)
 Metaspace       used 56987K, capacity 59012K, committed 59028K, reserved 1099776K
  class space    used 7797K, capacity 8325K, committed 8340K, reserved 1048576K
GC Heap History (10 events):
Event: 11,420 GC heap after
Heap after GC invocations=12 (full 2):
 PSYoungGen      total 124416K, used 9508K [0x00000000e0000000, 0x00000000e9000000, 0x0000000100000000)
  eden space 114688K, 0% used [0x00000000e0000000,0x00000000e0000000,0x00000000e7000000)
  from space 9728K, 97% used [0x00000000e8680000,0x00000000e8fc9018,0x00000000e9000000)
  to   space 12800K, 0% used [0x00000000e7700000,0x00000000e7700000,0x00000000e8380000)
 ParOldGen       total 81920K, used 17238K [0x00000000a0000000, 0x00000000a5000000, 0x00000000e0000000)
  object space 81920K, 21% used [0x00000000a0000000,0x00000000a10d58f0,0x00000000a5000000)
 Metaspace       used 40277K, capacity 41150K, committed 41472K, reserved 1085440K
  class space    used 5520K, capacity 5816K, committed 5888K, reserved 1048576K
}
Event: 12,857 GC heap before
{Heap before GC invocations=13 (full 2):
 PSYoungGen      total 124416K, used 124196K [0x00000000e0000000, 0x00000000e9000000, 0x0000000100000000)
  eden space 114688K, 100% used [0x00000000e0000000,0x00000000e7000000,0x00000000e7000000)
  from space 9728K, 97% used [0x00000000e8680000,0x00000000e8fc9018,0x00000000e9000000)
  to   space 12800K, 0% used [0x00000000e7700000,0x00000000e7700000,0x00000000e8380000)
 ParOldGen       total 81920K, used 17238K [0x00000000a0000000, 0x00000000a5000000, 0x00000000e0000000)
  object space 81920K, 21% used [0x00000000a0000000,0x00000000a10d58f0,0x00000000a5000000)
 Metaspace       used 46849K, capacity 47988K, committed 48256K, reserved 1091584K
  class space    used 6392K, capacity 6710K, committed 6784K, reserved 1048576K
Event: 12,867 GC heap after
Heap after GC invocations=13 (full 2):
 PSYoungGen      total 134656K, used 12798K [0x00000000e0000000, 0x00000000ead80000, 0x0000000100000000)
  eden space 121856K, 0% used [0x00000000e0000000,0x00000000e0000000,0x00000000e7700000)
  from space 12800K, 99% used [0x00000000e7700000,0x00000000e837f820,0x00000000e8380000)
  to   space 14848K, 0% used [0x00000000e9f00000,0x00000000e9f00000,0x00000000ead80000)
 ParOldGen       total 81920K, used 18922K [0x00000000a0000000, 0x00000000a5000000, 0x00000000e0000000)
  object space 81920K, 23% used [0x00000000a0000000,0x00000000a127abf8,0x00000000a5000000)
 Metaspace       used 46849K, capacity 47988K, committed 48256K, reserved 1091584K
  class space    used 6392K, capacity 6710K, committed 6784K, reserved 1048576K
}
Event: 15,589 GC heap before
{Heap before GC invocations=14 (full 2):
 PSYoungGen      total 134656K, used 134654K [0x00000000e0000000, 0x00000000ead80000, 0x0000000100000000)
  eden space 121856K, 100% used [0x00000000e0000000,0x00000000e7700000,0x00000000e7700000)
  from space 12800K, 99% used [0x00000000e7700000,0x00000000e837f820,0x00000000e8380000)
  to   space 14848K, 0% used [0x00000000e9f00000,0x00000000e9f00000,0x00000000ead80000)
 ParOldGen       total 81920K, used 18922K [0x00000000a0000000, 0x00000000a5000000, 0x00000000e0000000)
  object space 81920K, 23% used [0x00000000a0000000,0x00000000a127abf8,0x00000000a5000000)
 Metaspace       used 53552K, capacity 55366K, committed 55552K, reserved 1097728K
  class space    used 7402K, capacity 7870K, committed 7936K, reserved 1048576K
Event: 15,997 GC heap after
Heap after GC invocations=14 (full 2):
 PSYoungGen      total 161792K, used 13024K [0x00000000e0000000, 0x00000000ec980000, 0x0000000100000000)
  eden space 146944K, 0% used [0x00000000e0000000,0x00000000e0000000,0x00000000e8f80000)
  from space 14848K, 87% used [0x00000000e9f00000,0x00000000eabb8318,0x00000000ead80000)
  to   space 15872K, 0% used [0x00000000e8f80000,0x00000000e8f80000,0x00000000e9f00000)
 ParOldGen       total 81920K, used 27795K [0x00000000a0000000, 0x00000000a5000000, 0x00000000e0000000)
  object space 81920K, 33% used [0x00000000a0000000,0x00000000a1b24c40,0x00000000a5000000)
 Metaspace       used 53552K, capacity 55366K, committed 55552K, reserved 1097728K
  class space    used 7402K, capacity 7870K, committed 7936K, reserved 1048576K
}
Event: 40,734 GC heap before
{Heap before GC invocations=15 (full 2):
 PSYoungGen      total 161792K, used 159968K [0x00000000e0000000, 0x00000000ec980000, 0x0000000100000000)
  eden space 146944K, 100% used [0x00000000e0000000,0x00000000e8f80000,0x00000000e8f80000)
  from space 14848K, 87% used [0x00000000e9f00000,0x00000000eabb8318,0x00000000ead80000)
  to   space 15872K, 0% used [0x00000000e8f80000,0x00000000e8f80000,0x00000000e9f00000)
 ParOldGen       total 81920K, used 27795K [0x00000000a0000000, 0x00000000a5000000, 0x00000000e0000000)
  object space 81920K, 33% used [0x00000000a0000000,0x00000000a1b24c40,0x00000000a5000000)
 Metaspace       used 56012K, capacity 57816K, committed 57856K, reserved 1099776K
  class space    used 7688K, capacity 8183K, committed 8192K, reserved 1048576K
Event: 43,318 GC heap after
Heap after GC invocations=15 (full 2):
 PSYoungGen      total 162816K, used 15062K [0x00000000e0000000, 0x00000000ef480000, 0x0000000100000000)
  eden space 146944K, 0% used [0x00000000e0000000,0x00000000e0000000,0x00000000e8f80000)
  from space 15872K, 94% used [0x00000000e8f80000,0x00000000e9e35b50,0x00000000e9f00000)
  to   space 17920K, 0% used [0x00000000ee300000,0x00000000ee300000,0x00000000ef480000)
 ParOldGen       total 81920K, used 36595K [0x00000000a0000000, 0x00000000a5000000, 0x00000000e0000000)
  object space 81920K, 44% used [0x00000000a0000000,0x00000000a23bcf40,0x00000000a5000000)
 Metaspace       used 56012K, capacity 57816K, committed 57856K, reserved 1099776K
  class space    used 7688K, capacity 8183K, committed 8192K, reserved 1048576K
}
Event: 349,637 GC heap before
{Heap before GC invocations=16 (full 2):
 PSYoungGen      total 162816K, used 162006K [0x00000000e0000000, 0x00000000ef480000, 0x0000000100000000)
  eden space 146944K, 100% used [0x00000000e0000000,0x00000000e8f80000,0x00000000e8f80000)
  from space 15872K, 94% used [0x00000000e8f80000,0x00000000e9e35b50,0x00000000e9f00000)
  to   space 17920K, 0% used [0x00000000ee300000,0x00000000ee300000,0x00000000ef480000)
 ParOldGen       total 81920K, used 36595K [0x00000000a0000000, 0x00000000a5000000, 0x00000000e0000000)
  object space 81920K, 44% used [0x00000000a0000000,0x00000000a23bcf40,0x00000000a5000000)
 Metaspace       used 56385K, capacity 58126K, committed 58368K, reserved 1099776K
  class space    used 7708K, capacity 8192K, committed 8192K, reserved 1048576K
Event: 349,732 GC heap after
Heap after GC invocations=16 (full 2):
 PSYoungGen      total 222208K, used 2272K [0x00000000e0000000, 0x00000000eef80000, 0x0000000100000000)
  eden space 209408K, 0% used [0x00000000e0000000,0x00000000e0000000,0x00000000ecc80000)
  from space 12800K, 17% used [0x00000000ee300000,0x00000000ee538000,0x00000000eef80000)
  to   space 17920K, 0% used [0x00000000ecc80000,0x00000000ecc80000,0x00000000ede00000)
 ParOldGen       total 81920K, used 50452K [0x00000000a0000000, 0x00000000a5000000, 0x00000000e0000000)
  object space 81920K, 61% used [0x00000000a0000000,0x00000000a3145030,0x00000000a5000000)
 Metaspace       used 56385K, capacity 58126K, committed 58368K, reserved 1099776K
  class space    used 7708K, capacity 8192K, committed 8192K, reserved 1048576K
}
Event: 396,715 GC heap before
{Heap before GC invocations=17 (full 2):
 PSYoungGen      total 222208K, used 24590K [0x00000000e0000000, 0x00000000eef80000, 0x0000000100000000)
  eden space 209408K, 10% used [0x00000000e0000000,0x00000000e15cbb90,0x00000000ecc80000)
  from space 12800K, 17% used [0x00000000ee300000,0x00000000ee538000,0x00000000eef80000)
  to   space 17920K, 0% used [0x00000000ecc80000,0x00000000ecc80000,0x00000000ede00000)
 ParOldGen       total 81920K, used 50452K [0x00000000a0000000, 0x00000000a5000000, 0x00000000e0000000)
  object space 81920K, 61% used [0x00000000a0000000,0x00000000a3145030,0x00000000a5000000)
 Metaspace       used 56987K, capacity 59012K, committed 59028K, reserved 1099776K
  class space    used 7797K, capacity 8325K, committed 8340K, reserved 1048576K

